<?xml version="1.0" encoding="UTF-8"?>
<testsuite xmlns:xsi="http://www.w3.org/2001/XMLSchema-instance" xsi:noNamespaceSchemaLocation="https://maven.apache.org/surefire/maven-surefire-plugin/xsd/surefire-test-report-3.0.xsd" version="3.0" name="com.stylenest.controller.UsuarioControllerTest" time="4.955" tests="1" errors="0" skipped="0" failures="0">
  <properties>
[...]
</properties>
  <testcase name="testCadastroUsuarioComSucesso" classname="com.stylenest.controller.UsuarioControllerTest" time="0.568">
    <system-out><![CDATA[20:01:43.747 [main] INFO org.springframework.test.context.support.AnnotationConfigContextLoaderUtils -- Could not detect default configuration classes for test class [com.stylenest.controller.UsuarioControllerTest]: UsuarioControllerTest does not declare any static, non-private, non-final, nested classes annotated with @Configuration.
20:01:43.912 [main] INFO org.springframework.boot.test.context.SpringBootTestContextBootstrapper -- Found @SpringBootConfiguration com.stylenest.StylenestBackendApplication for test class com.stylenest.controller.UsuarioControllerTest

  .   ____          _            __ _ _
 /\\ / ___'_ __ _ _(_)_ __  __ _ \ \ \ \
( ( )\___ | '_ | '_| | '_ \/ _` | \ \ \ \
 \\/  ___)| |_)| | | | | || (_| |  ) ) ) )
  '  |____| .__|_| |_|_| |_\__, | / / / /
 =========|_|==============|___/=/_/_/_/
 :: Spring Boot ::                (v3.1.4)

2025-10-15T20:01:44.416-03:00  INFO 22408 --- [           main] c.s.controller.UsuarioControllerTest     : Starting UsuarioControllerTest using Java 21.0.8 with PID 22408 (started by stefa in C:\Users\stefa\OneDrive\Documentos\TCC-STYLENEST\stylenest-backend)
2025-10-15T20:01:44.418-03:00  INFO 22408 --- [           main] c.s.controller.UsuarioControllerTest     : No active profile set, falling back to 1 default profile: "default"
2025-10-15T20:01:47.003-03:00  WARN 22408 --- [           main] .s.s.UserDetailsServiceAutoConfiguration : 

Using generated security password: 0ba1908e-f51e-40b2-874b-1e1e56746b18

This generated password is for development use only. Your security configuration must be updated before running your application in production.

2025-10-15T20:01:47.213-03:00  INFO 22408 --- [           main] o.s.s.web.DefaultSecurityFilterChain     : Will secure any request with [org.springframework.security.web.session.DisableEncodeUrlFilter@5e3db14, org.springframework.security.web.context.request.async.WebAsyncManagerIntegrationFilter@5fb54740, org.springframework.security.web.context.SecurityContextHolderFilter@74a820bf, org.springframework.security.web.header.HeaderWriterFilter@6650a6c, org.springframework.security.web.authentication.logout.LogoutFilter@3e53c4ad, org.springframework.security.web.savedrequest.RequestCacheAwareFilter@4f2ac7e0, org.springframework.security.web.servletapi.SecurityContextHolderAwareRequestFilter@51e8d066, org.springframework.security.web.authentication.AnonymousAuthenticationFilter@325162e9, org.springframework.security.web.access.ExceptionTranslationFilter@a91119b, org.springframework.security.web.access.intercept.AuthorizationFilter@7eb27768]
2025-10-15T20:01:47.859-03:00  INFO 22408 --- [           main] o.s.b.t.m.w.SpringBootMockServletContext : Initializing Spring TestDispatcherServlet ''
2025-10-15T20:01:47.860-03:00  INFO 22408 --- [           main] o.s.t.web.servlet.TestDispatcherServlet  : Initializing Servlet ''
2025-10-15T20:01:47.862-03:00  INFO 22408 --- [           main] o.s.t.web.servlet.TestDispatcherServlet  : Completed initialization in 2 ms
2025-10-15T20:01:47.893-03:00  INFO 22408 --- [           main] c.s.controller.UsuarioControllerTest     : Started UsuarioControllerTest in 3.9 seconds (process running for 5.093)
]]></system-out>
    <system-err><![CDATA[WARNING: A Java agent has been loaded dynamically (C:\Users\stefa\.m2\repository\net\bytebuddy\byte-buddy-agent\1.14.8\byte-buddy-agent-1.14.8.jar)
WARNING: If a serviceability tool is in use, please run with -XX:+EnableDynamicAgentLoading to hide this warning
WARNING: If a serviceability tool is not in use, please run with -Djdk.instrument.traceUsage for more information
WARNING: Dynamic loading of agents will be disallowed by default in a future release
]]></system-err>
  </testcase>
</testsuite>